
*** Running vivado
    with args -log Dual_core_mcu.vdi -applog -m64 -product Vivado -messageDb vivado.pb -mode batch -source Dual_core_mcu.tcl -notrace



****** Vivado v2020.2 (64-bit)
  **** SW Build 3064766 on Wed Nov 18 09:12:45 MST 2020
  **** IP Build 3064653 on Wed Nov 18 14:17:31 MST 2020
    ** Copyright 1986-2020 Xilinx, Inc. All Rights Reserved.

source Dual_core_mcu.tcl -notrace
WARNING: [Common 17-1361] You have specified a new message control rule that is equivalent to an existing rule with attributes ' -id {17-179}  -suppress '. The existing rule will be replaced.
Command: link_design -top Dual_core_mcu -part xc7z020clg400-1
Design is defaulting to srcset: sources_1
Design is defaulting to constrset: constrs_1
INFO: [Device 21-403] Loading part xc7z020clg400-1
Netlist sorting complete. Time (s): cpu = 00:00:01 ; elapsed = 00:00:00.457 . Memory (MB): peak = 1162.949 ; gain = 0.000
INFO: [Netlist 29-17] Analyzing 7481 Unisim elements for replacement
INFO: [Netlist 29-28] Unisim Transformation completed in 0 CPU seconds
INFO: [Project 1-479] Netlist was created with Vivado 2020.2
INFO: [Project 1-570] Preparing netlist for logic optimization
Parsing XDC File [l:/Projects/Dual_core_Microcontroller/Dual_core_Microcontroller.gen/sources_1/ip/clk_wiz_0/clk_wiz_0_board.xdc] for cell 'system_tick/inst'
Finished Parsing XDC File [l:/Projects/Dual_core_Microcontroller/Dual_core_Microcontroller.gen/sources_1/ip/clk_wiz_0/clk_wiz_0_board.xdc] for cell 'system_tick/inst'
Parsing XDC File [l:/Projects/Dual_core_Microcontroller/Dual_core_Microcontroller.gen/sources_1/ip/clk_wiz_0/clk_wiz_0.xdc] for cell 'system_tick/inst'
INFO: [Timing 38-35] Done setting XDC timing constraints. [l:/Projects/Dual_core_Microcontroller/Dual_core_Microcontroller.gen/sources_1/ip/clk_wiz_0/clk_wiz_0.xdc:57]
INFO: [Timing 38-2] Deriving generated clocks [l:/Projects/Dual_core_Microcontroller/Dual_core_Microcontroller.gen/sources_1/ip/clk_wiz_0/clk_wiz_0.xdc:57]
get_clocks: Time (s): cpu = 00:00:06 ; elapsed = 00:00:10 . Memory (MB): peak = 1748.066 ; gain = 585.117
Finished Parsing XDC File [l:/Projects/Dual_core_Microcontroller/Dual_core_Microcontroller.gen/sources_1/ip/clk_wiz_0/clk_wiz_0.xdc] for cell 'system_tick/inst'
Parsing XDC File [L:/Projects/Dual_core_Microcontroller/Dual_core_Microcontroller.srcs/constrs_1/imports/Xilinx/Arty-Z7-20-Master.xdc]
Finished Parsing XDC File [L:/Projects/Dual_core_Microcontroller/Dual_core_Microcontroller.srcs/constrs_1/imports/Xilinx/Arty-Z7-20-Master.xdc]
INFO: [Opt 31-138] Pushed 0 inverter(s) to 0 load pin(s).
Netlist sorting complete. Time (s): cpu = 00:00:00 ; elapsed = 00:00:00.011 . Memory (MB): peak = 1748.066 ; gain = 0.000
INFO: [Project 1-111] Unisim Transformation Summary:
  A total of 54 instances were transformed.
  IOBUF => IOBUF (IBUF, OBUFT): 16 instances
  RAM16X1D => RAM32X1D (RAMD32(x2)): 4 instances
  RAM32M => RAM32M (RAMD32(x6), RAMS32(x2)): 26 instances
  RAM64M => RAM64M (RAMD64E(x4)): 4 instances
  RAM64X1D => RAM64X1D (RAMD64E(x2)): 4 instances

9 Infos, 1 Warnings, 0 Critical Warnings and 0 Errors encountered.
link_design completed successfully
link_design: Time (s): cpu = 00:00:14 ; elapsed = 00:00:27 . Memory (MB): peak = 1748.066 ; gain = 585.117
Command: opt_design
Attempting to get a license for feature 'Implementation' and/or device 'xc7z020'
INFO: [Common 17-349] Got license for feature 'Implementation' and/or device 'xc7z020'
Running DRC as a precondition to command opt_design

Starting DRC Task
INFO: [DRC 23-27] Running DRC with 2 threads
INFO: [Project 1-461] DRC finished with 0 Errors
INFO: [Project 1-462] Please refer to the DRC report (report_drc) for more information.

Time (s): cpu = 00:00:01 ; elapsed = 00:00:01 . Memory (MB): peak = 1748.066 ; gain = 0.000

Starting Cache Timing Information Task
INFO: [Timing 38-35] Done setting XDC timing constraints.
Ending Cache Timing Information Task | Checksum: 21b4565c4

Time (s): cpu = 00:00:00 ; elapsed = 00:00:01 . Memory (MB): peak = 1758.105 ; gain = 10.039

Starting Logic Optimization Task

Phase 1 Retarget
INFO: [Opt 31-138] Pushed 0 inverter(s) to 0 load pin(s).
INFO: [Opt 31-49] Retargeted 0 cell(s).
Phase 1 Retarget | Checksum: fd6c60f5

Time (s): cpu = 00:00:01 ; elapsed = 00:00:02 . Memory (MB): peak = 1962.906 ; gain = 0.129
INFO: [Opt 31-389] Phase Retarget created 0 cells and removed 15 cells
INFO: [Opt 31-1021] In phase Retarget, 1 netlist objects are constrained preventing optimization. Please run opt_design with -debug_log to get more detail. 

Phase 2 Constant propagation
INFO: [Opt 31-138] Pushed 0 inverter(s) to 0 load pin(s).
Phase 2 Constant propagation | Checksum: 11416565e

Time (s): cpu = 00:00:01 ; elapsed = 00:00:02 . Memory (MB): peak = 1962.906 ; gain = 0.129
INFO: [Opt 31-389] Phase Constant propagation created 0 cells and removed 0 cells

Phase 3 Sweep
Phase 3 Sweep | Checksum: 1e2483ed0

Time (s): cpu = 00:00:02 ; elapsed = 00:00:03 . Memory (MB): peak = 1962.906 ; gain = 0.129
INFO: [Opt 31-389] Phase Sweep created 0 cells and removed 0 cells

Phase 4 BUFG optimization
Phase 4 BUFG optimization | Checksum: 1e2483ed0

Time (s): cpu = 00:00:02 ; elapsed = 00:00:03 . Memory (MB): peak = 1962.906 ; gain = 0.129
INFO: [Opt 31-662] Phase BUFG optimization created 0 cells of which 0 are BUFGs and removed 0 cells.

Phase 5 Shift Register Optimization
INFO: [Opt 31-1064] SRL Remap converted 0 SRLs to 0 registers and converted 0 registers of register chains to 0 SRLs
Phase 5 Shift Register Optimization | Checksum: 1e2483ed0

Time (s): cpu = 00:00:02 ; elapsed = 00:00:03 . Memory (MB): peak = 1962.906 ; gain = 0.129
INFO: [Opt 31-389] Phase Shift Register Optimization created 0 cells and removed 0 cells

Phase 6 Post Processing Netlist
Phase 6 Post Processing Netlist | Checksum: 1e2483ed0

Time (s): cpu = 00:00:02 ; elapsed = 00:00:03 . Memory (MB): peak = 1962.906 ; gain = 0.129
INFO: [Opt 31-389] Phase Post Processing Netlist created 0 cells and removed 0 cells
Opt_design Change Summary
=========================


-------------------------------------------------------------------------------------------------------------------------
|  Phase                        |  #Cells created  |  #Cells Removed  |  #Constrained objects preventing optimizations  |
-------------------------------------------------------------------------------------------------------------------------
|  Retarget                     |               0  |              15  |                                              1  |
|  Constant propagation         |               0  |               0  |                                              0  |
|  Sweep                        |               0  |               0  |                                              0  |
|  BUFG optimization            |               0  |               0  |                                              0  |
|  Shift Register Optimization  |               0  |               0  |                                              0  |
|  Post Processing Netlist      |               0  |               0  |                                              0  |
-------------------------------------------------------------------------------------------------------------------------



Starting Connectivity Check Task

Time (s): cpu = 00:00:00 ; elapsed = 00:00:00.063 . Memory (MB): peak = 1962.906 ; gain = 0.000
Ending Logic Optimization Task | Checksum: 1ef8de1c6

Time (s): cpu = 00:00:02 ; elapsed = 00:00:04 . Memory (MB): peak = 1962.906 ; gain = 0.129

Starting Power Optimization Task
INFO: [Pwropt 34-132] Skipping clock gating for clocks with a period < 2.00 ns.
Ending Power Optimization Task | Checksum: 1ef8de1c6

Time (s): cpu = 00:00:00 ; elapsed = 00:00:00.032 . Memory (MB): peak = 1962.906 ; gain = 0.000

Starting Final Cleanup Task
Ending Final Cleanup Task | Checksum: 1ef8de1c6

Time (s): cpu = 00:00:00 ; elapsed = 00:00:00 . Memory (MB): peak = 1962.906 ; gain = 0.000

Starting Netlist Obfuscation Task
Netlist sorting complete. Time (s): cpu = 00:00:00 ; elapsed = 00:00:00.010 . Memory (MB): peak = 1962.906 ; gain = 0.000
Ending Netlist Obfuscation Task | Checksum: 1ef8de1c6

Time (s): cpu = 00:00:00 ; elapsed = 00:00:00.010 . Memory (MB): peak = 1962.906 ; gain = 0.000
INFO: [Common 17-83] Releasing license: Implementation
27 Infos, 1 Warnings, 0 Critical Warnings and 0 Errors encountered.
opt_design completed successfully
opt_design: Time (s): cpu = 00:00:04 ; elapsed = 00:00:09 . Memory (MB): peak = 1962.906 ; gain = 214.840
INFO: [Timing 38-480] Writing timing data to binary archive.
Writing placer database...
Writing XDEF routing.
Writing XDEF routing logical nets.
Writing XDEF routing special nets.
Write XDEF Complete: Time (s): cpu = 00:00:00 ; elapsed = 00:00:00.060 . Memory (MB): peak = 1962.906 ; gain = 0.000
INFO: [Common 17-1381] The checkpoint 'L:/Projects/Dual_core_Microcontroller/Dual_core_Microcontroller.runs/impl_2/Dual_core_mcu_opt.dcp' has been generated.
write_checkpoint: Time (s): cpu = 00:00:04 ; elapsed = 00:00:06 . Memory (MB): peak = 1962.906 ; gain = 0.000
INFO: [runtcl-4] Executing : report_drc -file Dual_core_mcu_drc_opted.rpt -pb Dual_core_mcu_drc_opted.pb -rpx Dual_core_mcu_drc_opted.rpx
Command: report_drc -file Dual_core_mcu_drc_opted.rpt -pb Dual_core_mcu_drc_opted.pb -rpx Dual_core_mcu_drc_opted.rpx
INFO: [IP_Flow 19-1839] IP Catalog is up to date.
INFO: [Timing 38-35] Done setting XDC timing constraints.
INFO: [DRC 23-27] Running DRC with 2 threads
INFO: [Coretcl 2-168] The results of DRC are in file L:/Projects/Dual_core_Microcontroller/Dual_core_Microcontroller.runs/impl_2/Dual_core_mcu_drc_opted.rpt.
report_drc completed successfully
report_drc: Time (s): cpu = 00:00:04 ; elapsed = 00:00:09 . Memory (MB): peak = 2026.914 ; gain = 64.008
Command: place_design
Attempting to get a license for feature 'Implementation' and/or device 'xc7z020'
INFO: [Common 17-349] Got license for feature 'Implementation' and/or device 'xc7z020'
INFO: [DRC 23-27] Running DRC with 2 threads
INFO: [Vivado_Tcl 4-198] DRC finished with 0 Errors
INFO: [Vivado_Tcl 4-199] Please refer to the DRC report (report_drc) for more information.
Running DRC as a precondition to command place_design
INFO: [DRC 23-27] Running DRC with 2 threads
INFO: [Vivado_Tcl 4-198] DRC finished with 0 Errors
INFO: [Vivado_Tcl 4-199] Please refer to the DRC report (report_drc) for more information.

Starting Placer Task
INFO: [Place 30-611] Multithreading enabled for place_design using a maximum of 2 CPUs

Phase 1 Placer Initialization

Phase 1.1 Placer Initialization Netlist Sorting
Netlist sorting complete. Time (s): cpu = 00:00:00 ; elapsed = 00:00:00.013 . Memory (MB): peak = 2031.898 ; gain = 0.000
Phase 1.1 Placer Initialization Netlist Sorting | Checksum: 11a341491

Time (s): cpu = 00:00:00 ; elapsed = 00:00:00.029 . Memory (MB): peak = 2031.898 ; gain = 0.000
Netlist sorting complete. Time (s): cpu = 00:00:00 ; elapsed = 00:00:00.012 . Memory (MB): peak = 2031.898 ; gain = 0.000

Phase 1.2 IO Placement/ Clock Placement/ Build Placer Device
Phase 1.2 IO Placement/ Clock Placement/ Build Placer Device | Checksum: 1d2f708f1

Time (s): cpu = 00:00:00 ; elapsed = 00:00:02 . Memory (MB): peak = 2031.898 ; gain = 0.000

Phase 1.3 Build Placer Netlist Model
Phase 1.3 Build Placer Netlist Model | Checksum: 221dc3b6e

Time (s): cpu = 00:00:03 ; elapsed = 00:00:09 . Memory (MB): peak = 2134.777 ; gain = 102.879

Phase 1.4 Constrain Clocks/Macros
Phase 1.4 Constrain Clocks/Macros | Checksum: 221dc3b6e

Time (s): cpu = 00:00:03 ; elapsed = 00:00:09 . Memory (MB): peak = 2134.777 ; gain = 102.879
Phase 1 Placer Initialization | Checksum: 221dc3b6e

Time (s): cpu = 00:00:03 ; elapsed = 00:00:09 . Memory (MB): peak = 2134.777 ; gain = 102.879

Phase 2 Global Placement

Phase 2.1 Floorplanning
Phase 2.1 Floorplanning | Checksum: 2b15484fb

Time (s): cpu = 00:00:04 ; elapsed = 00:00:12 . Memory (MB): peak = 2134.777 ; gain = 102.879

Phase 2.2 Update Timing before SLR Path Opt
Phase 2.2 Update Timing before SLR Path Opt | Checksum: 212ee31f9

Time (s): cpu = 00:00:05 ; elapsed = 00:00:14 . Memory (MB): peak = 2134.777 ; gain = 102.879

Phase 2.3 Global Placement Core

Phase 2.3.1 Physical Synthesis In Placer
INFO: [Physopt 32-1035] Found 0 LUTNM shape to break, 1328 LUT instances to create LUTNM shape
INFO: [Physopt 32-1044] Break lutnm for timing: one critical 0, two critical 0, total 0, new lutff created 0
INFO: [Physopt 32-775] End 1 Pass. Optimized 611 nets or cells. Created 0 new cell, deleted 611 existing cells and moved 0 existing cell
INFO: [Physopt 32-65] No nets found for high-fanout optimization.
INFO: [Physopt 32-232] Optimized 0 net. Created 0 new instance.
INFO: [Physopt 32-775] End 1 Pass. Optimized 0 net or cell. Created 0 new cell, deleted 0 existing cell and moved 0 existing cell
INFO: [Physopt 32-670] No setup violation found.  DSP Register Optimization was not performed.
INFO: [Physopt 32-670] No setup violation found.  Shift Register to Pipeline Optimization was not performed.
INFO: [Physopt 32-670] No setup violation found.  Shift Register Optimization was not performed.
INFO: [Physopt 32-670] No setup violation found.  BRAM Register Optimization was not performed.
INFO: [Physopt 32-670] No setup violation found.  URAM Register Optimization was not performed.
INFO: [Physopt 32-949] No candidate nets found for dynamic/static region interface net replication
INFO: [Physopt 32-775] End 1 Pass. Optimized 0 net or cell. Created 0 new cell, deleted 0 existing cell and moved 0 existing cell
Netlist sorting complete. Time (s): cpu = 00:00:00 ; elapsed = 00:00:00.013 . Memory (MB): peak = 2134.777 ; gain = 0.000

Summary of Physical Synthesis Optimizations
============================================


-----------------------------------------------------------------------------------------------------------------------------------------------------------
|  Optimization                                     |  Added Cells  |  Removed Cells  |  Optimized Cells/Nets  |  Dont Touch  |  Iterations  |  Elapsed   |
-----------------------------------------------------------------------------------------------------------------------------------------------------------
|  LUT Combining                                    |            0  |            611  |                   611  |           0  |           1  |  00:00:01  |
|  Very High Fanout                                 |            0  |              0  |                     0  |           0  |           1  |  00:00:00  |
|  DSP Register                                     |            0  |              0  |                     0  |           0  |           0  |  00:00:00  |
|  Shift Register to Pipeline                       |            0  |              0  |                     0  |           0  |           0  |  00:00:00  |
|  Shift Register                                   |            0  |              0  |                     0  |           0  |           0  |  00:00:00  |
|  BRAM Register                                    |            0  |              0  |                     0  |           0  |           0  |  00:00:00  |
|  URAM Register                                    |            0  |              0  |                     0  |           0  |           0  |  00:00:00  |
|  Dynamic/Static Region Interface Net Replication  |            0  |              0  |                     0  |           0  |           1  |  00:00:00  |
|  Total                                            |            0  |            611  |                   611  |           0  |           3  |  00:00:01  |
-----------------------------------------------------------------------------------------------------------------------------------------------------------


Phase 2.3.1 Physical Synthesis In Placer | Checksum: 11fb1fe31

Time (s): cpu = 00:00:13 ; elapsed = 00:00:33 . Memory (MB): peak = 2134.777 ; gain = 102.879
Phase 2.3 Global Placement Core | Checksum: 146348d47

Time (s): cpu = 00:00:14 ; elapsed = 00:00:35 . Memory (MB): peak = 2134.777 ; gain = 102.879
Phase 2 Global Placement | Checksum: 146348d47

Time (s): cpu = 00:00:14 ; elapsed = 00:00:35 . Memory (MB): peak = 2134.777 ; gain = 102.879

Phase 3 Detail Placement

Phase 3.1 Commit Multi Column Macros
Phase 3.1 Commit Multi Column Macros | Checksum: deab9814

Time (s): cpu = 00:00:15 ; elapsed = 00:00:37 . Memory (MB): peak = 2134.777 ; gain = 102.879

Phase 3.2 Commit Most Macros & LUTRAMs
Phase 3.2 Commit Most Macros & LUTRAMs | Checksum: ea135299

Time (s): cpu = 00:00:16 ; elapsed = 00:00:42 . Memory (MB): peak = 2134.777 ; gain = 102.879

Phase 3.3 Area Swap Optimization
Phase 3.3 Area Swap Optimization | Checksum: 3ef14b3f

Time (s): cpu = 00:00:16 ; elapsed = 00:00:43 . Memory (MB): peak = 2134.777 ; gain = 102.879

Phase 3.4 Pipeline Register Optimization
Phase 3.4 Pipeline Register Optimization | Checksum: ed960237

Time (s): cpu = 00:00:16 ; elapsed = 00:00:43 . Memory (MB): peak = 2134.777 ; gain = 102.879

Phase 3.5 Small Shape Detail Placement
Phase 3.5 Small Shape Detail Placement | Checksum: a09311bf

Time (s): cpu = 00:00:25 ; elapsed = 00:01:12 . Memory (MB): peak = 2134.777 ; gain = 102.879

Phase 3.6 Re-assign LUT pins
Phase 3.6 Re-assign LUT pins | Checksum: 99a3276e

Time (s): cpu = 00:00:25 ; elapsed = 00:01:15 . Memory (MB): peak = 2134.777 ; gain = 102.879

Phase 3.7 Pipeline Register Optimization
Phase 3.7 Pipeline Register Optimization | Checksum: 148868266

Time (s): cpu = 00:00:25 ; elapsed = 00:01:15 . Memory (MB): peak = 2134.777 ; gain = 102.879
Phase 3 Detail Placement | Checksum: 148868266

Time (s): cpu = 00:00:25 ; elapsed = 00:01:15 . Memory (MB): peak = 2134.777 ; gain = 102.879

Phase 4 Post Placement Optimization and Clean-Up

Phase 4.1 Post Commit Optimization
INFO: [Timing 38-35] Done setting XDC timing constraints.

Phase 4.1.1 Post Placement Optimization
Post Placement Optimization Initialization | Checksum: 193ff21a8

Phase 4.1.1.1 BUFG Insertion

Starting Physical Synthesis Task

Phase 1 Physical Synthesis Initialization
INFO: [Physopt 32-721] Multithreading enabled for phys_opt_design using a maximum of 2 CPUs
INFO: [Physopt 32-619] Estimated Timing Summary | WNS=6.650 | TNS=0.000 |
Phase 1 Physical Synthesis Initialization | Checksum: 1effc5564

Time (s): cpu = 00:00:00 ; elapsed = 00:00:02 . Memory (MB): peak = 2189.070 ; gain = 0.000
INFO: [Place 46-56] BUFG insertion identified 0 candidate nets. Inserted BUFG: 0, Replicated BUFG Driver: 0, Skipped due to Placement/Routing Conflicts: 0, Skipped due to Timing Degradation: 0, Skipped due to Illegal Netlist: 0.
Ending Physical Synthesis Task | Checksum: 216c05beb

Time (s): cpu = 00:00:00 ; elapsed = 00:00:02 . Memory (MB): peak = 2189.070 ; gain = 0.000
Phase 4.1.1.1 BUFG Insertion | Checksum: 193ff21a8

Time (s): cpu = 00:00:29 ; elapsed = 00:01:26 . Memory (MB): peak = 2189.070 ; gain = 157.172
INFO: [Place 30-746] Post Placement Timing Summary WNS=6.650. For the most accurate timing information please run report_timing.

Time (s): cpu = 00:00:29 ; elapsed = 00:01:26 . Memory (MB): peak = 2189.070 ; gain = 157.172
Phase 4.1 Post Commit Optimization | Checksum: 2283ea71a

Time (s): cpu = 00:00:30 ; elapsed = 00:01:26 . Memory (MB): peak = 2189.070 ; gain = 157.172

Phase 4.2 Post Placement Cleanup
Phase 4.2 Post Placement Cleanup | Checksum: 2283ea71a

Time (s): cpu = 00:00:30 ; elapsed = 00:01:27 . Memory (MB): peak = 2189.070 ; gain = 157.172

Phase 4.3 Placer Reporting

Phase 4.3.1 Print Estimated Congestion
INFO: [Place 30-612] Post-Placement Estimated Congestion 
 ____________________________________________________
|           | Global Congestion | Short Congestion  |
| Direction | Region Size       | Region Size       |
|___________|___________________|___________________|
|      North|                8x8|                2x2|
|___________|___________________|___________________|
|      South|                1x1|                1x1|
|___________|___________________|___________________|
|       East|                1x1|                1x1|
|___________|___________________|___________________|
|       West|                1x1|                1x1|
|___________|___________________|___________________|

Phase 4.3.1 Print Estimated Congestion | Checksum: 2283ea71a

Time (s): cpu = 00:00:30 ; elapsed = 00:01:27 . Memory (MB): peak = 2189.070 ; gain = 157.172
Phase 4.3 Placer Reporting | Checksum: 2283ea71a

Time (s): cpu = 00:00:30 ; elapsed = 00:01:27 . Memory (MB): peak = 2189.070 ; gain = 157.172

Phase 4.4 Final Placement Cleanup
Netlist sorting complete. Time (s): cpu = 00:00:00 ; elapsed = 00:00:00.011 . Memory (MB): peak = 2189.070 ; gain = 0.000

Time (s): cpu = 00:00:30 ; elapsed = 00:01:27 . Memory (MB): peak = 2189.070 ; gain = 157.172
Phase 4 Post Placement Optimization and Clean-Up | Checksum: 1c256ab21

Time (s): cpu = 00:00:30 ; elapsed = 00:01:27 . Memory (MB): peak = 2189.070 ; gain = 157.172
Ending Placer Task | Checksum: db7e92bd

Time (s): cpu = 00:00:30 ; elapsed = 00:01:27 . Memory (MB): peak = 2189.070 ; gain = 157.172
INFO: [Common 17-83] Releasing license: Implementation
62 Infos, 1 Warnings, 0 Critical Warnings and 0 Errors encountered.
place_design completed successfully
place_design: Time (s): cpu = 00:00:31 ; elapsed = 00:01:30 . Memory (MB): peak = 2189.070 ; gain = 162.156
INFO: [Timing 38-480] Writing timing data to binary archive.
Writing placer database...
Writing XDEF routing.
Writing XDEF routing logical nets.
Writing XDEF routing special nets.
Write XDEF Complete: Time (s): cpu = 00:00:02 ; elapsed = 00:00:04 . Memory (MB): peak = 2189.070 ; gain = 0.000
INFO: [Common 17-1381] The checkpoint 'L:/Projects/Dual_core_Microcontroller/Dual_core_Microcontroller.runs/impl_2/Dual_core_mcu_placed.dcp' has been generated.
write_checkpoint: Time (s): cpu = 00:00:04 ; elapsed = 00:00:08 . Memory (MB): peak = 2189.070 ; gain = 0.000
INFO: [runtcl-4] Executing : report_io -file Dual_core_mcu_io_placed.rpt
report_io: Time (s): cpu = 00:00:00 ; elapsed = 00:00:00.048 . Memory (MB): peak = 2189.070 ; gain = 0.000
INFO: [runtcl-4] Executing : report_utilization -file Dual_core_mcu_utilization_placed.rpt -pb Dual_core_mcu_utilization_placed.pb
INFO: [runtcl-4] Executing : report_control_sets -verbose -file Dual_core_mcu_control_sets_placed.rpt
report_control_sets: Time (s): cpu = 00:00:00 ; elapsed = 00:00:00.124 . Memory (MB): peak = 2189.070 ; gain = 0.000
Command: phys_opt_design
Attempting to get a license for feature 'Implementation' and/or device 'xc7z020'
INFO: [Common 17-349] Got license for feature 'Implementation' and/or device 'xc7z020'
INFO: [Vivado_Tcl 4-383] Design worst setup slack (WNS) is greater than or equal to 0.000 ns. Skipping all physical synthesis optimizations.
INFO: [Vivado_Tcl 4-232] No setup violation found. The netlist was not modified.
INFO: [Common 17-83] Releasing license: Implementation
71 Infos, 1 Warnings, 0 Critical Warnings and 0 Errors encountered.
phys_opt_design completed successfully
phys_opt_design: Time (s): cpu = 00:00:03 ; elapsed = 00:00:07 . Memory (MB): peak = 2190.691 ; gain = 1.621
INFO: [Timing 38-480] Writing timing data to binary archive.
Writing placer database...
Writing XDEF routing.
Writing XDEF routing logical nets.
Writing XDEF routing special nets.
Write XDEF Complete: Time (s): cpu = 00:00:02 ; elapsed = 00:00:04 . Memory (MB): peak = 2203.613 ; gain = 12.922
INFO: [Common 17-1381] The checkpoint 'L:/Projects/Dual_core_Microcontroller/Dual_core_Microcontroller.runs/impl_2/Dual_core_mcu_physopt.dcp' has been generated.
write_checkpoint: Time (s): cpu = 00:00:04 ; elapsed = 00:00:08 . Memory (MB): peak = 2203.613 ; gain = 12.922
Command: route_design
Attempting to get a license for feature 'Implementation' and/or device 'xc7z020'
INFO: [Common 17-349] Got license for feature 'Implementation' and/or device 'xc7z020'
Running DRC as a precondition to command route_design
INFO: [DRC 23-27] Running DRC with 2 threads
INFO: [Vivado_Tcl 4-198] DRC finished with 0 Errors
INFO: [Vivado_Tcl 4-199] Please refer to the DRC report (report_drc) for more information.


Starting Routing Task
INFO: [Route 35-254] Multithreading enabled for route_design using a maximum of 2 CPUs
Checksum: PlaceDB: 795c9979 ConstDB: 0 ShapeSum: 6221f944 RouteDB: 0

Phase 1 Build RT Design
Phase 1 Build RT Design | Checksum: 10bfe82ef

Time (s): cpu = 00:00:12 ; elapsed = 00:00:31 . Memory (MB): peak = 2295.773 ; gain = 62.738
Post Restoration Checksum: NetGraph: b91e813a NumContArr: 52e001b5 Constraints: 0 Timing: 0

Phase 2 Router Initialization

Phase 2.1 Create Timer
Phase 2.1 Create Timer | Checksum: 10bfe82ef

Time (s): cpu = 00:00:13 ; elapsed = 00:00:32 . Memory (MB): peak = 2295.773 ; gain = 62.738

Phase 2.2 Fix Topology Constraints
Phase 2.2 Fix Topology Constraints | Checksum: 10bfe82ef

Time (s): cpu = 00:00:13 ; elapsed = 00:00:32 . Memory (MB): peak = 2301.527 ; gain = 68.492

Phase 2.3 Pre Route Cleanup
Phase 2.3 Pre Route Cleanup | Checksum: 10bfe82ef

Time (s): cpu = 00:00:13 ; elapsed = 00:00:32 . Memory (MB): peak = 2301.527 ; gain = 68.492
 Number of Nodes with overlaps = 0

Phase 2.4 Update Timing
Phase 2.4 Update Timing | Checksum: 1a49aed6e

Time (s): cpu = 00:00:17 ; elapsed = 00:00:45 . Memory (MB): peak = 2333.820 ; gain = 100.785
INFO: [Route 35-416] Intermediate Timing Summary | WNS=7.034  | TNS=0.000  | WHS=-0.186 | THS=-60.148|

Phase 2 Router Initialization | Checksum: 235ee34e6

Time (s): cpu = 00:00:19 ; elapsed = 00:00:52 . Memory (MB): peak = 2352.242 ; gain = 119.207

Router Utilization Summary
  Global Vertical Routing Utilization    = 0 %
  Global Horizontal Routing Utilization  = 0 %
  Routable Net Status*
  *Does not include unroutable nets such as driverless and loadless.
  Run report_route_status for detailed report.
  Number of Failed Nets               = 28064
    (Failed Nets is the sum of unrouted and partially routed nets)
  Number of Unrouted Nets             = 28064
  Number of Partially Routed Nets     = 0
  Number of Node Overlaps             = 0


Phase 3 Initial Routing

Phase 3.1 Global Routing
Phase 3.1 Global Routing | Checksum: 235ee34e6

Time (s): cpu = 00:00:20 ; elapsed = 00:00:52 . Memory (MB): peak = 2352.242 ; gain = 119.207
Phase 3 Initial Routing | Checksum: 1edba20cd

Time (s): cpu = 00:00:26 ; elapsed = 00:01:04 . Memory (MB): peak = 2394.586 ; gain = 161.551

Phase 4 Rip-up And Reroute

Phase 4.1 Global Iteration 0
 Number of Nodes with overlaps = 9020
 Number of Nodes with overlaps = 1045
 Number of Nodes with overlaps = 142
 Number of Nodes with overlaps = 18
 Number of Nodes with overlaps = 2
 Number of Nodes with overlaps = 0
INFO: [Route 35-416] Intermediate Timing Summary | WNS=5.516  | TNS=0.000  | WHS=N/A    | THS=N/A    |

Phase 4.1 Global Iteration 0 | Checksum: 127e99949

Time (s): cpu = 00:00:44 ; elapsed = 00:01:49 . Memory (MB): peak = 2394.586 ; gain = 161.551

Phase 4.2 Global Iteration 1
 Number of Nodes with overlaps = 3
 Number of Nodes with overlaps = 0
INFO: [Route 35-416] Intermediate Timing Summary | WNS=5.516  | TNS=0.000  | WHS=N/A    | THS=N/A    |

Phase 4.2 Global Iteration 1 | Checksum: 141f92291

Time (s): cpu = 00:00:44 ; elapsed = 00:01:51 . Memory (MB): peak = 2394.586 ; gain = 161.551
Phase 4 Rip-up And Reroute | Checksum: 141f92291

Time (s): cpu = 00:00:44 ; elapsed = 00:01:52 . Memory (MB): peak = 2394.586 ; gain = 161.551

Phase 5 Delay and Skew Optimization

Phase 5.1 Delay CleanUp
Phase 5.1 Delay CleanUp | Checksum: 141f92291

Time (s): cpu = 00:00:44 ; elapsed = 00:01:52 . Memory (MB): peak = 2394.586 ; gain = 161.551

Phase 5.2 Clock Skew Optimization
Phase 5.2 Clock Skew Optimization | Checksum: 141f92291

Time (s): cpu = 00:00:44 ; elapsed = 00:01:52 . Memory (MB): peak = 2394.586 ; gain = 161.551
Phase 5 Delay and Skew Optimization | Checksum: 141f92291

Time (s): cpu = 00:00:44 ; elapsed = 00:01:52 . Memory (MB): peak = 2394.586 ; gain = 161.551

Phase 6 Post Hold Fix

Phase 6.1 Hold Fix Iter

Phase 6.1.1 Update Timing
Phase 6.1.1 Update Timing | Checksum: 1ab0f6019

Time (s): cpu = 00:00:45 ; elapsed = 00:01:56 . Memory (MB): peak = 2394.586 ; gain = 161.551
INFO: [Route 35-416] Intermediate Timing Summary | WNS=5.516  | TNS=0.000  | WHS=0.065  | THS=0.000  |

Phase 6.1 Hold Fix Iter | Checksum: 14e4978d1

Time (s): cpu = 00:00:45 ; elapsed = 00:01:56 . Memory (MB): peak = 2394.586 ; gain = 161.551
Phase 6 Post Hold Fix | Checksum: 14e4978d1

Time (s): cpu = 00:00:45 ; elapsed = 00:01:56 . Memory (MB): peak = 2394.586 ; gain = 161.551

Phase 7 Route finalize

Router Utilization Summary
  Global Vertical Routing Utilization    = 16.2001 %
  Global Horizontal Routing Utilization  = 17.5216 %
  Routable Net Status*
  *Does not include unroutable nets such as driverless and loadless.
  Run report_route_status for detailed report.
  Number of Failed Nets               = 0
    (Failed Nets is the sum of unrouted and partially routed nets)
  Number of Unrouted Nets             = 0
  Number of Partially Routed Nets     = 0
  Number of Node Overlaps             = 0

Phase 7 Route finalize | Checksum: 225681b64

Time (s): cpu = 00:00:46 ; elapsed = 00:01:56 . Memory (MB): peak = 2394.586 ; gain = 161.551

Phase 8 Verifying routed nets

 Verification completed successfully
Phase 8 Verifying routed nets | Checksum: 225681b64

Time (s): cpu = 00:00:46 ; elapsed = 00:01:56 . Memory (MB): peak = 2394.586 ; gain = 161.551

Phase 9 Depositing Routes
Phase 9 Depositing Routes | Checksum: 29987e329

Time (s): cpu = 00:00:47 ; elapsed = 00:02:01 . Memory (MB): peak = 2394.586 ; gain = 161.551

Phase 10 Post Router Timing
INFO: [Route 35-57] Estimated Timing Summary | WNS=5.516  | TNS=0.000  | WHS=0.065  | THS=0.000  |

INFO: [Route 35-327] The final timing numbers are based on the router estimated timing analysis. For a complete and accurate timing signoff, please run report_timing_summary.
Phase 10 Post Router Timing | Checksum: 29987e329

Time (s): cpu = 00:00:48 ; elapsed = 00:02:01 . Memory (MB): peak = 2394.586 ; gain = 161.551
INFO: [Route 35-16] Router Completed Successfully

Time (s): cpu = 00:00:48 ; elapsed = 00:02:01 . Memory (MB): peak = 2394.586 ; gain = 161.551

Routing Is Done.
INFO: [Common 17-83] Releasing license: Implementation
86 Infos, 1 Warnings, 0 Critical Warnings and 0 Errors encountered.
route_design completed successfully
route_design: Time (s): cpu = 00:00:52 ; elapsed = 00:02:11 . Memory (MB): peak = 2394.586 ; gain = 190.973
INFO: [Timing 38-480] Writing timing data to binary archive.
Writing placer database...
Writing XDEF routing.
Writing XDEF routing logical nets.
Writing XDEF routing special nets.
Write XDEF Complete: Time (s): cpu = 00:00:04 ; elapsed = 00:00:05 . Memory (MB): peak = 2394.586 ; gain = 0.000
INFO: [Common 17-1381] The checkpoint 'L:/Projects/Dual_core_Microcontroller/Dual_core_Microcontroller.runs/impl_2/Dual_core_mcu_routed.dcp' has been generated.
write_checkpoint: Time (s): cpu = 00:00:05 ; elapsed = 00:00:09 . Memory (MB): peak = 2394.586 ; gain = 0.000
INFO: [runtcl-4] Executing : report_drc -file Dual_core_mcu_drc_routed.rpt -pb Dual_core_mcu_drc_routed.pb -rpx Dual_core_mcu_drc_routed.rpx
Command: report_drc -file Dual_core_mcu_drc_routed.rpt -pb Dual_core_mcu_drc_routed.pb -rpx Dual_core_mcu_drc_routed.rpx
INFO: [IP_Flow 19-1839] IP Catalog is up to date.
INFO: [DRC 23-27] Running DRC with 2 threads
INFO: [Coretcl 2-168] The results of DRC are in file L:/Projects/Dual_core_Microcontroller/Dual_core_Microcontroller.runs/impl_2/Dual_core_mcu_drc_routed.rpt.
report_drc completed successfully
report_drc: Time (s): cpu = 00:00:10 ; elapsed = 00:00:14 . Memory (MB): peak = 2473.148 ; gain = 78.562
INFO: [runtcl-4] Executing : report_methodology -file Dual_core_mcu_methodology_drc_routed.rpt -pb Dual_core_mcu_methodology_drc_routed.pb -rpx Dual_core_mcu_methodology_drc_routed.rpx
Command: report_methodology -file Dual_core_mcu_methodology_drc_routed.rpt -pb Dual_core_mcu_methodology_drc_routed.pb -rpx Dual_core_mcu_methodology_drc_routed.rpx
INFO: [Timing 38-35] Done setting XDC timing constraints.
INFO: [DRC 23-133] Running Methodology with 2 threads
INFO: [Coretcl 2-1520] The results of Report Methodology are in file L:/Projects/Dual_core_Microcontroller/Dual_core_Microcontroller.runs/impl_2/Dual_core_mcu_methodology_drc_routed.rpt.
report_methodology completed successfully
report_methodology: Time (s): cpu = 00:00:06 ; elapsed = 00:00:09 . Memory (MB): peak = 2473.148 ; gain = 0.000
INFO: [runtcl-4] Executing : report_power -file Dual_core_mcu_power_routed.rpt -pb Dual_core_mcu_power_summary_routed.pb -rpx Dual_core_mcu_power_routed.rpx
Command: report_power -file Dual_core_mcu_power_routed.rpt -pb Dual_core_mcu_power_summary_routed.pb -rpx Dual_core_mcu_power_routed.rpx
INFO: [Timing 38-35] Done setting XDC timing constraints.
Running Vector-less Activity Propagation...

Finished Running Vector-less Activity Propagation
98 Infos, 1 Warnings, 0 Critical Warnings and 0 Errors encountered.
report_power completed successfully
report_power: Time (s): cpu = 00:00:12 ; elapsed = 00:00:17 . Memory (MB): peak = 2481.379 ; gain = 8.230
INFO: [runtcl-4] Executing : report_route_status -file Dual_core_mcu_route_status.rpt -pb Dual_core_mcu_route_status.pb
INFO: [runtcl-4] Executing : report_timing_summary -max_paths 10 -file Dual_core_mcu_timing_summary_routed.rpt -pb Dual_core_mcu_timing_summary_routed.pb -rpx Dual_core_mcu_timing_summary_routed.rpx
INFO: [Timing 38-91] UpdateTimingParams: Speed grade: -1, Delay Type: min_max.
INFO: [Timing 38-191] Multithreading enabled for timing update using a maximum of 2 CPUs
INFO: [runtcl-4] Executing : report_incremental_reuse -file Dual_core_mcu_incremental_reuse_routed.rpt
INFO: [Vivado_Tcl 4-1062] Incremental flow is disabled. No incremental reuse Info to report.
INFO: [runtcl-4] Executing : report_clock_utilization -file Dual_core_mcu_clock_utilization_routed.rpt
INFO: [runtcl-4] Executing : report_bus_skew -warn_on_violation -file Dual_core_mcu_bus_skew_routed.rpt -pb Dual_core_mcu_bus_skew_routed.pb -rpx Dual_core_mcu_bus_skew_routed.rpx
INFO: [Timing 38-91] UpdateTimingParams: Speed grade: -1, Delay Type: min_max.
INFO: [Timing 38-191] Multithreading enabled for timing update using a maximum of 2 CPUs
Command: phys_opt_design
Attempting to get a license for feature 'Implementation' and/or device 'xc7z020'
INFO: [Common 17-349] Got license for feature 'Implementation' and/or device 'xc7z020'
INFO: [Vivado_Tcl 4-241] Physical synthesis in post route mode ( 100.0% nets are fully routed)
INFO: [Vivado_Tcl 4-383] Design worst setup slack (WNS) is greater than or equal to 0.000 ns. Skipping all physical synthesis optimizations.
INFO: [Vivado_Tcl 4-232] No setup violation found. The netlist was not modified.
INFO: [Common 17-83] Releasing license: Implementation
8 Infos, 0 Warnings, 0 Critical Warnings and 0 Errors encountered.
phys_opt_design completed successfully
INFO: [Timing 38-480] Writing timing data to binary archive.
Writing placer database...
Writing XDEF routing.
Writing XDEF routing logical nets.
Writing XDEF routing special nets.
Write XDEF Complete: Time (s): cpu = 00:00:04 ; elapsed = 00:00:05 . Memory (MB): peak = 2514.055 ; gain = 32.676
INFO: [Common 17-1381] The checkpoint 'L:/Projects/Dual_core_Microcontroller/Dual_core_Microcontroller.runs/impl_2/Dual_core_mcu_postroute_physopt.dcp' has been generated.
write_checkpoint: Time (s): cpu = 00:00:05 ; elapsed = 00:00:08 . Memory (MB): peak = 2514.055 ; gain = 32.676
INFO: [runtcl-4] Executing : report_timing_summary -max_paths 10 -warn_on_violation -file Dual_core_mcu_timing_summary_postroute_physopted.rpt -pb Dual_core_mcu_timing_summary_postroute_physopted.pb -rpx Dual_core_mcu_timing_summary_postroute_physopted.rpx
INFO: [Timing 38-91] UpdateTimingParams: Speed grade: -1, Delay Type: min_max.
INFO: [Timing 38-191] Multithreading enabled for timing update using a maximum of 2 CPUs
INFO: [runtcl-4] Executing : report_bus_skew -warn_on_violation -file Dual_core_mcu_bus_skew_postroute_physopted.rpt -pb Dual_core_mcu_bus_skew_postroute_physopted.pb -rpx Dual_core_mcu_bus_skew_postroute_physopted.rpx
INFO: [Timing 38-91] UpdateTimingParams: Speed grade: -1, Delay Type: min_max.
INFO: [Timing 38-191] Multithreading enabled for timing update using a maximum of 2 CPUs
INFO: [Common 17-206] Exiting Vivado at Fri Dec 15 21:22:42 2023...

*** Running vivado
    with args -log Dual_core_mcu.vdi -applog -m64 -product Vivado -messageDb vivado.pb -mode batch -source Dual_core_mcu.tcl -notrace



****** Vivado v2020.2 (64-bit)
  **** SW Build 3064766 on Wed Nov 18 09:12:45 MST 2020
  **** IP Build 3064653 on Wed Nov 18 14:17:31 MST 2020
    ** Copyright 1986-2020 Xilinx, Inc. All Rights Reserved.

source Dual_core_mcu.tcl -notrace
WARNING: [Common 17-1361] You have specified a new message control rule that is equivalent to an existing rule with attributes ' -id {17-179}  -suppress '. The existing rule will be replaced.
Command: open_checkpoint Dual_core_mcu_postroute_physopt.dcp

Starting open_checkpoint Task

Time (s): cpu = 00:00:00 ; elapsed = 00:00:00.037 . Memory (MB): peak = 1162.492 ; gain = 0.000
INFO: [Device 21-403] Loading part xc7z020clg400-1
Netlist sorting complete. Time (s): cpu = 00:00:00 ; elapsed = 00:00:00.415 . Memory (MB): peak = 1162.492 ; gain = 0.000
INFO: [Netlist 29-17] Analyzing 7481 Unisim elements for replacement
INFO: [Netlist 29-28] Unisim Transformation completed in 0 CPU seconds
INFO: [Project 1-479] Netlist was created with Vivado 2020.2
INFO: [Project 1-570] Preparing netlist for logic optimization
INFO: [Timing 38-478] Restoring timing data from binary archive.
INFO: [Timing 38-479] Binary timing data restore complete.
INFO: [Project 1-856] Restoring constraints from binary archive.
INFO: [Project 1-853] Binary constraint restore complete.
Reading XDEF placement.
Reading placer database...
Reading XDEF routing.
Read XDEF File: Time (s): cpu = 00:00:02 ; elapsed = 00:00:03 . Memory (MB): peak = 1782.910 ; gain = 38.672
Restored from archive | CPU: 2.000000 secs | Memory: 0.000000 MB |
Finished XDEF File Restore: Time (s): cpu = 00:00:02 ; elapsed = 00:00:03 . Memory (MB): peak = 1782.910 ; gain = 38.672
Netlist sorting complete. Time (s): cpu = 00:00:00 ; elapsed = 00:00:00.011 . Memory (MB): peak = 1782.910 ; gain = 0.000
INFO: [Project 1-111] Unisim Transformation Summary:
  A total of 54 instances were transformed.
  IOBUF => IOBUF (IBUF, OBUFT): 16 instances
  RAM16X1D => RAM32X1D (RAMD32(x2)): 4 instances
  RAM32M => RAM32M (RAMD32(x6), RAMS32(x2)): 26 instances
  RAM64M => RAM64M (RAMD64E(x4)): 4 instances
  RAM64X1D => RAM64X1D (RAMD64E(x2)): 4 instances

INFO: [Project 1-604] Checkpoint was created with Vivado v2020.2 (64-bit) build 3064766
open_checkpoint: Time (s): cpu = 00:00:15 ; elapsed = 00:00:29 . Memory (MB): peak = 1783.809 ; gain = 621.316
Command: write_bitstream -force Dual_core_mcu.bit
Attempting to get a license for feature 'Implementation' and/or device 'xc7z020'
INFO: [Common 17-349] Got license for feature 'Implementation' and/or device 'xc7z020'
Running DRC as a precondition to command write_bitstream
INFO: [IP_Flow 19-234] Refreshing IP repositories
INFO: [IP_Flow 19-1704] No user IP repositories specified
INFO: [IP_Flow 19-2313] Loaded Vivado IP repository 'L:/Application/Xilinx/Vivado/2020.2/data/ip'.
INFO: [DRC 23-27] Running DRC with 2 threads
WARNING: [DRC ZPS7-1] PS7 block required: The PS7 cell must be used in this Zynq design in order to enable correct default configuration.
INFO: [Vivado 12-3199] DRC finished with 0 Errors, 1 Warnings
INFO: [Vivado 12-3200] Please refer to the DRC report (report_drc) for more information.
INFO: [Designutils 20-2272] Running write_bitstream with 2 threads.
Loading data files...
Loading site data...
Loading route data...
Processing options...
Creating bitmap...
Creating bitstream...
Writing bitstream ./Dual_core_mcu.bit...
INFO: [Vivado 12-1842] Bitgen Completed Successfully.
INFO: [Project 1-120] WebTalk data collection is mandatory when using a WebPACK part without a full Vivado license. To see the specific WebTalk data collected for your design, open the usage_statistics_webtalk.html or usage_statistics_webtalk.xml file in the implementation directory.
INFO: [Common 17-83] Releasing license: Implementation
22 Infos, 2 Warnings, 0 Critical Warnings and 0 Errors encountered.
write_bitstream completed successfully
write_bitstream: Time (s): cpu = 00:00:24 ; elapsed = 00:00:36 . Memory (MB): peak = 2492.906 ; gain = 709.098
INFO: [Common 17-206] Exiting Vivado at Fri Dec 15 21:32:06 2023...
