Copyright 1986-2020 Xilinx, Inc. All Rights Reserved.
--------------------------------------------------------------------------------------------------------------------------------------------------------------------------------------------------------------
| Tool Version : Vivado v.2020.2 (win64) Build 3064766 Wed Nov 18 09:12:45 MST 2020
| Date         : Thu Nov 23 23:24:48 2023
| Host         : LAPTOP-UGQ0I2VJ running 64-bit major release  (build 9200)
| Command      : report_timing_summary -max_paths 10 -file Dual_core_mcu_timing_summary_routed.rpt -pb Dual_core_mcu_timing_summary_routed.pb -rpx Dual_core_mcu_timing_summary_routed.rpx -warn_on_violation
| Design       : Dual_core_mcu
| Device       : 7z020-clg400
| Speed File   : -1  PRODUCTION 1.12 2019-11-22
--------------------------------------------------------------------------------------------------------------------------------------------------------------------------------------------------------------

Timing Summary Report

------------------------------------------------------------------------------------------------
| Timer Settings
| --------------
------------------------------------------------------------------------------------------------

  Enable Multi Corner Analysis               :  Yes
  Enable Pessimism Removal                   :  Yes
  Pessimism Removal Resolution               :  Nearest Common Node
  Enable Input Delay Default Clock           :  No
  Enable Preset / Clear Arcs                 :  No
  Disable Flight Delays                      :  No
  Ignore I/O Paths                           :  No
  Timing Early Launch at Borrowing Latches   :  No
  Borrow Time for Max Delay Exceptions       :  Yes
  Merge Timing Exceptions                    :  Yes

  Corner  Analyze    Analyze    
  Name    Max Paths  Min Paths  
  ------  ---------  ---------  
  Slow    Yes        Yes        
  Fast    Yes        Yes        



check_timing report

Table of Contents
-----------------
1. checking no_clock (17317)
2. checking constant_clock (0)
3. checking pulse_width_clock (0)
4. checking unconstrained_internal_endpoints (50564)
5. checking no_input_delay (19)
6. checking no_output_delay (18)
7. checking multiple_clock (0)
8. checking generated_clocks (0)
9. checking loops (0)
10. checking partial_input_delay (0)
11. checking partial_output_delay (0)
12. checking latch_loops (0)

1. checking no_clock (17317)
----------------------------
 There are 17104 register/latch pins with no clock driven by root clock pin: clk (HIGH)

 There is 1 register/latch pin with no clock driven by root clock pin: PRAM_CONSISTENCY/wr_access_p1_reg_reg/Q (HIGH)

 There is 1 register/latch pin with no clock driven by root clock pin: PRAM_CONSISTENCY/wr_access_p2_reg_reg/Q (HIGH)

 There is 1 register/latch pin with no clock driven by root clock pin: PROCESSOR_1/MAIN_RPOCESSOR_BLOCK.addr_rd_reg_reg[62]/Q (HIGH)

 There is 1 register/latch pin with no clock driven by root clock pin: PROCESSOR_1/MAIN_RPOCESSOR_BLOCK.addr_rd_reg_reg[63]/Q (HIGH)

 There is 1 register/latch pin with no clock driven by root clock pin: PROCESSOR_1/MAIN_RPOCESSOR_BLOCK.addr_wr_reg_reg[62]/Q (HIGH)

 There is 1 register/latch pin with no clock driven by root clock pin: PROCESSOR_1/MAIN_RPOCESSOR_BLOCK.addr_wr_reg_reg[63]/Q (HIGH)

 There is 1 register/latch pin with no clock driven by root clock pin: PROCESSOR_1/MAIN_RPOCESSOR_BLOCK.alu_enable_seq_reg/Q (HIGH)

 There is 1 register/latch pin with no clock driven by root clock pin: PROCESSOR_1/MAIN_RPOCESSOR_BLOCK.wr_ins_pm_reg_reg/Q (HIGH)

 There is 1 register/latch pin with no clock driven by root clock pin: PROCESSOR_1/MAIN_RPOCESSOR_BLOCK.wr_ins_reg_reg/Q (HIGH)

 There is 1 register/latch pin with no clock driven by root clock pin: PROCESSOR_2/SUB_PROCESSOR_BLOCK.addr_rd_reg_reg[62]/Q (HIGH)

 There is 1 register/latch pin with no clock driven by root clock pin: PROCESSOR_2/SUB_PROCESSOR_BLOCK.addr_rd_reg_reg[63]/Q (HIGH)

 There is 1 register/latch pin with no clock driven by root clock pin: PROCESSOR_2/SUB_PROCESSOR_BLOCK.addr_wr_reg_reg[62]/Q (HIGH)

 There is 1 register/latch pin with no clock driven by root clock pin: PROCESSOR_2/SUB_PROCESSOR_BLOCK.addr_wr_reg_reg[63]/Q (HIGH)

 There is 1 register/latch pin with no clock driven by root clock pin: PROCESSOR_2/SUB_PROCESSOR_BLOCK.alu_enable_seq_reg/Q (HIGH)

 There is 1 register/latch pin with no clock driven by root clock pin: PROCESSOR_2/SUB_PROCESSOR_BLOCK.wr_ins_reg_reg/Q (HIGH)

 There is 1 register/latch pin with no clock driven by root clock pin: PROGRAM_PROCESSOR/IR_processor_1_reg[0]/Q (HIGH)

 There is 1 register/latch pin with no clock driven by root clock pin: PROGRAM_PROCESSOR/IR_processor_1_reg[1]/Q (HIGH)

 There is 1 register/latch pin with no clock driven by root clock pin: PROGRAM_PROCESSOR/IR_processor_1_reg[2]/Q (HIGH)

 There is 1 register/latch pin with no clock driven by root clock pin: PROGRAM_PROCESSOR/IR_processor_1_reg[3]/Q (HIGH)

 There is 1 register/latch pin with no clock driven by root clock pin: PROGRAM_PROCESSOR/IR_processor_1_reg[4]/Q (HIGH)

 There is 1 register/latch pin with no clock driven by root clock pin: PROGRAM_PROCESSOR/IR_processor_1_reg[5]/Q (HIGH)

 There is 1 register/latch pin with no clock driven by root clock pin: PROGRAM_PROCESSOR/IR_processor_1_reg[6]/Q (HIGH)

 There is 1 register/latch pin with no clock driven by root clock pin: PROGRAM_PROCESSOR/IR_processor_2_reg[0]/Q (HIGH)

 There is 1 register/latch pin with no clock driven by root clock pin: PROGRAM_PROCESSOR/IR_processor_2_reg[1]/Q (HIGH)

 There is 1 register/latch pin with no clock driven by root clock pin: PROGRAM_PROCESSOR/IR_processor_2_reg[2]/Q (HIGH)

 There is 1 register/latch pin with no clock driven by root clock pin: PROGRAM_PROCESSOR/IR_processor_2_reg[3]/Q (HIGH)

 There is 1 register/latch pin with no clock driven by root clock pin: PROGRAM_PROCESSOR/IR_processor_2_reg[4]/Q (HIGH)

 There is 1 register/latch pin with no clock driven by root clock pin: PROGRAM_PROCESSOR/IR_processor_2_reg[5]/Q (HIGH)

 There is 1 register/latch pin with no clock driven by root clock pin: PROGRAM_PROCESSOR/IR_processor_2_reg[6]/Q (HIGH)

 There are 184 register/latch pins with no clock driven by root clock pin: PROGRAM_PROCESSOR/active_stack_clk_reg/Q (HIGH)


2. checking constant_clock (0)
------------------------------
 There are 0 register/latch pins with constant_clock.


3. checking pulse_width_clock (0)
---------------------------------
 There are 0 register/latch pins which need pulse_width check


4. checking unconstrained_internal_endpoints (50564)
----------------------------------------------------
 There are 50564 pins that are not constrained for maximum delay. (HIGH)

 There are 0 pins that are not constrained for maximum delay due to constant clock.


5. checking no_input_delay (19)
-------------------------------
 There are 19 input ports with no input delay specified. (HIGH)

 There are 0 input ports with no input delay but user has a false path constraint.


6. checking no_output_delay (18)
--------------------------------
 There are 18 ports with no output delay specified. (HIGH)

 There are 0 ports with no output delay but user has a false path constraint

 There are 0 ports with no output delay but with a timing clock defined on it or propagating through it


7. checking multiple_clock (0)
------------------------------
 There are 0 register/latch pins with multiple clocks.


8. checking generated_clocks (0)
--------------------------------
 There are 0 generated clocks that are not connected to a clock source.


9. checking loops (0)
---------------------
 There are 0 combinational loops in the design.


10. checking partial_input_delay (0)
------------------------------------
 There are 0 input ports with partial input delay specified.


11. checking partial_output_delay (0)
-------------------------------------
 There are 0 ports with partial output delay specified.


12. checking latch_loops (0)
----------------------------
 There are 0 combinational latch loops in the design through latch input



------------------------------------------------------------------------------------------------
| Design Timing Summary
| ---------------------
------------------------------------------------------------------------------------------------

    WNS(ns)      TNS(ns)  TNS Failing Endpoints  TNS Total Endpoints      WHS(ns)      THS(ns)  THS Failing Endpoints  THS Total Endpoints     WPWS(ns)     TPWS(ns)  TPWS Failing Endpoints  TPWS Total Endpoints  
    -------      -------  ---------------------  -------------------      -------      -------  ---------------------  -------------------     --------     --------  ----------------------  --------------------  
         NA           NA                     NA                   NA           NA           NA                     NA                   NA           NA           NA                      NA                    NA  


There are no user specified timing constraints.


------------------------------------------------------------------------------------------------
| Clock Summary
| -------------
------------------------------------------------------------------------------------------------


------------------------------------------------------------------------------------------------
| Intra Clock Table
| -----------------
------------------------------------------------------------------------------------------------

Clock             WNS(ns)      TNS(ns)  TNS Failing Endpoints  TNS Total Endpoints      WHS(ns)      THS(ns)  THS Failing Endpoints  THS Total Endpoints     WPWS(ns)     TPWS(ns)  TPWS Failing Endpoints  TPWS Total Endpoints  
-----             -------      -------  ---------------------  -------------------      -------      -------  ---------------------  -------------------     --------     --------  ----------------------  --------------------  


------------------------------------------------------------------------------------------------
| Inter Clock Table
| -----------------
------------------------------------------------------------------------------------------------

From Clock    To Clock          WNS(ns)      TNS(ns)  TNS Failing Endpoints  TNS Total Endpoints      WHS(ns)      THS(ns)  THS Failing Endpoints  THS Total Endpoints  
----------    --------          -------      -------  ---------------------  -------------------      -------      -------  ---------------------  -------------------  


------------------------------------------------------------------------------------------------
| Other Path Groups Table
| -----------------------
------------------------------------------------------------------------------------------------

Path Group    From Clock    To Clock          WNS(ns)      TNS(ns)  TNS Failing Endpoints  TNS Total Endpoints      WHS(ns)      THS(ns)  THS Failing Endpoints  THS Total Endpoints  
----------    ----------    --------          -------      -------  ---------------------  -------------------      -------      -------  ---------------------  -------------------  


------------------------------------------------------------------------------------------------
| Timing Details
| --------------
------------------------------------------------------------------------------------------------


