Copyright 1986-2020 Xilinx, Inc. All Rights Reserved.
-------------------------------------------------------------------------------------------------------------------------------------------------------------
| Tool Version     : Vivado v.2020.2 (win64) Build 3064766 Wed Nov 18 09:12:45 MST 2020
| Date             : Mon Nov 27 23:45:12 2023
| Host             : LAPTOP-UGQ0I2VJ running 64-bit major release  (build 9200)
| Command          : report_power -file Dual_core_mcu_power_routed.rpt -pb Dual_core_mcu_power_summary_routed.pb -rpx Dual_core_mcu_power_routed.rpx
| Design           : Dual_core_mcu
| Device           : xc7z020clg400-1
| Design State     : routed
| Grade            : commercial
| Process          : typical
| Characterization : Production
-------------------------------------------------------------------------------------------------------------------------------------------------------------

Power Report

Table of Contents
-----------------
1. Summary
1.1 On-Chip Components
1.2 Power Supply Summary
1.3 Confidence Level
2. Settings
2.1 Environment
2.2 Clock Constraints
3. Detailed Reports
3.1 By Hierarchy

1. Summary
----------

+--------------------------+-----------------------------------+
| Total On-Chip Power (W)  | 138.077 (Junction temp exceeded!) |
| Design Power Budget (W)  | Unspecified*                      |
| Power Budget Margin (W)  | NA                                |
| Dynamic (W)              | 137.036                           |
| Device Static (W)        | 1.041                             |
| Effective TJA (C/W)      | 11.5                              |
| Max Ambient (C)          | 0.0                               |
| Junction Temperature (C) | 125.0                             |
| Confidence Level         | Low                               |
| Setting File             | ---                               |
| Simulation Activity File | ---                               |
| Design Nets Matched      | NA                                |
+--------------------------+-----------------------------------+
* Specify Design Power Budget using, set_operating_conditions -design_power_budget <value in Watts>


1.1 On-Chip Components
----------------------

+--------------------------+-----------+----------+-----------+-----------------+
| On-Chip                  | Power (W) | Used     | Available | Utilization (%) |
+--------------------------+-----------+----------+-----------+-----------------+
| Slice Logic              |    53.767 |    50704 |       --- |             --- |
|   LUT as Logic           |    51.612 |    24270 |     53200 |           45.62 |
|   F7/F8 Muxes            |     1.095 |     6739 |     53200 |           12.67 |
|   CARRY4                 |     0.718 |      225 |     13300 |            1.69 |
|   Register               |     0.236 |    17048 |    106400 |           16.02 |
|   LUT as Distributed RAM |     0.099 |      132 |     17400 |            0.76 |
|   BUFG                   |     0.006 |        2 |        32 |            6.25 |
|   Others                 |     0.000 |       77 |       --- |             --- |
| Signals                  |    70.710 |    31243 |       --- |             --- |
| I/O                      |    12.560 |       23 |       125 |           18.40 |
| Static Power             |     1.041 |          |           |                 |
| Total                    |   138.077 |          |           |                 |
+--------------------------+-----------+----------+-----------+-----------------+


1.2 Power Supply Summary
------------------------

+-----------+-------------+-----------+-------------+------------+-------------+-------------+------------+
| Source    | Voltage (V) | Total (A) | Dynamic (A) | Static (A) | Powerup (A) | Budget (A)  | Margin (A) |
+-----------+-------------+-----------+-------------+------------+-------------+-------------+------------+
| Vccint    |       1.000 |   124.852 |     124.553 |      0.299 |       NA    | Unspecified | NA         |
| Vccaux    |       1.800 |     0.557 |       0.457 |      0.100 |       NA    | Unspecified | NA         |
| Vcco33    |       3.300 |     3.534 |       3.533 |      0.001 |       NA    | Unspecified | NA         |
| Vcco25    |       2.500 |     0.000 |       0.000 |      0.000 |       NA    | Unspecified | NA         |
| Vcco18    |       1.800 |     0.000 |       0.000 |      0.000 |       NA    | Unspecified | NA         |
| Vcco15    |       1.500 |     0.000 |       0.000 |      0.000 |       NA    | Unspecified | NA         |
| Vcco135   |       1.350 |     0.000 |       0.000 |      0.000 |       NA    | Unspecified | NA         |
| Vcco12    |       1.200 |     0.000 |       0.000 |      0.000 |       NA    | Unspecified | NA         |
| Vccaux_io |       1.800 |     0.000 |       0.000 |      0.000 |       NA    | Unspecified | NA         |
| Vccbram   |       1.000 |     0.026 |       0.000 |      0.026 |       NA    | Unspecified | NA         |
| MGTAVcc   |       1.000 |     0.000 |       0.000 |      0.000 |       NA    | Unspecified | NA         |
| MGTAVtt   |       1.200 |     0.000 |       0.000 |      0.000 |       NA    | Unspecified | NA         |
| MGTVccaux |       1.800 |     0.000 |       0.000 |      0.000 |       NA    | Unspecified | NA         |
| Vccpint   |       1.000 |     0.473 |       0.000 |      0.473 |       NA    | Unspecified | NA         |
| Vccpaux   |       1.800 |     0.010 |       0.000 |      0.010 |       NA    | Unspecified | NA         |
| Vccpll    |       1.800 |     0.003 |       0.000 |      0.003 |       NA    | Unspecified | NA         |
| Vcco_ddr  |       1.500 |     0.000 |       0.000 |      0.000 |       NA    | Unspecified | NA         |
| Vcco_mio0 |       1.800 |     0.000 |       0.000 |      0.000 |       NA    | Unspecified | NA         |
| Vcco_mio1 |       1.800 |     0.000 |       0.000 |      0.000 |       NA    | Unspecified | NA         |
| Vccadc    |       1.800 |     0.020 |       0.000 |      0.020 |       NA    | Unspecified | NA         |
+-----------+-------------+-----------+-------------+------------+-------------+-------------+------------+


1.3 Confidence Level
--------------------

+-----------------------------+------------+--------------------------------------------------------+--------------------------------------------------------------------------------------------------------------------+
| User Input Data             | Confidence | Details                                                | Action                                                                                                             |
+-----------------------------+------------+--------------------------------------------------------+--------------------------------------------------------------------------------------------------------------------+
| Design implementation state | High       | Design is routed                                       |                                                                                                                    |
| Clock nodes activity        | Low        | User specified less than 75% of clocks                 | Provide missing clock activity with a constraint file, simulation results or by editing the "By Clock Domain" view |
| I/O nodes activity          | Low        | More than 75% of inputs are missing user specification | Provide missing input activity with simulation results or by editing the "By Resource Type -> I/Os" view           |
| Internal nodes activity     | Medium     | User specified less than 25% of internal nodes         | Provide missing internal nodes activity with simulation results or by editing the "By Resource Type" views         |
| Device models               | High       | Device models are Production                           |                                                                                                                    |
|                             |            |                                                        |                                                                                                                    |
| Overall confidence level    | Low        |                                                        |                                                                                                                    |
+-----------------------------+------------+--------------------------------------------------------+--------------------------------------------------------------------------------------------------------------------+


2. Settings
-----------

2.1 Environment
---------------

+-----------------------+------------------------+
| Ambient Temp (C)      | 25.0                   |
| ThetaJA (C/W)         | 11.5                   |
| Airflow (LFM)         | 250                    |
| Heat Sink             | none                   |
| ThetaSA (C/W)         | 0.0                    |
| Board Selection       | medium (10"x10")       |
| # of Board Layers     | 8to11 (8 to 11 Layers) |
| Board Temperature (C) | 25.0                   |
+-----------------------+------------------------+


2.2 Clock Constraints
---------------------

+-------+--------+-----------------+
| Clock | Domain | Constraint (ns) |
+-------+--------+-----------------+


3. Detailed Reports
-------------------

3.1 By Hierarchy
----------------

+---------------------------------------------+-----------+
| Name                                        | Power (W) |
+---------------------------------------------+-----------+
| Dual_core_mcu                               |   137.036 |
|   ATI_DMEM_BUS1                             |     0.838 |
|   ATI_DMEM_BUS2                             |     0.836 |
|   ATI_GPIO_BUS1                             |     0.458 |
|   ATI_PROC1_BUS1                            |     0.899 |
|   ATI_PROC2_BUS2                            |     0.848 |
|   ATI_UART1_BUS1                            |     1.154 |
|     INTERFACE_PERP_BLOCK.timeout_packet     |     0.113 |
|   ATI_UART2_BUS2                            |     1.829 |
|     INTERFACE_PERP_BLOCK.timeout_packet     |     0.099 |
|   DMEM                                      |    14.544 |
|   EXT_INT                                   |     0.040 |
|     timout_debounce                         |     0.019 |
|   GPIO                                      |     0.096 |
|   IMEM                                      |     7.735 |
|   INT_CONTROLLER                            |     0.149 |
|     interrupt_request_buffer_1              |     0.036 |
|       edgedet_rd_req                        |     0.002 |
|     interrupt_request_buffer_2              |     0.056 |
|       edgedet_rd_req                        |     0.004 |
|       edgedet_wr_req                        |     0.003 |
|     interrupt_request_buffer_3              |     0.056 |
|       edgedet_rd_req                        |     0.002 |
|       edgedet_wr_req                        |     0.003 |
|   PRAM_CONSISTENCY                          |     0.221 |
|   PROCESSOR_1                               |    32.162 |
|     MAIN_RPOCESSOR_BLOCK.alu                |    17.452 |
|     MAIN_RPOCESSOR_BLOCK.timout_programming |     0.033 |
|   PROCESSOR_2                               |    28.405 |
|     SUB_PROCESSOR_BLOCK.alu                 |    16.899 |
|   PROGRAM_PROCESSOR                         |    11.877 |
|     program_buffer                          |     0.353 |
|   TIM_INT                                   |     0.219 |
|   UART_PERIPHERAL_1                         |     1.562 |
|     FIFO_RX_BLOCK.fifo_rx                   |     0.150 |
|       buffer_reg_0_63_0_2                   |     0.011 |
|       buffer_reg_0_63_3_5                   |     0.012 |
|       buffer_reg_0_63_6_6                   |     0.004 |
|       buffer_reg_0_63_7_7                   |     0.004 |
|       edgedet_rd_req                        |     0.010 |
|       edgedet_wr_req                        |     0.016 |
|     fifo_tx                                 |     0.270 |
|       buffer_reg_0_63_0_2                   |     0.016 |
|       buffer_reg_0_63_3_5                   |     0.016 |
|       buffer_reg_0_63_6_6                   |     0.010 |
|       buffer_reg_0_63_7_7                   |     0.011 |
|       edgedet_rd_req                        |     0.022 |
|       edgedet_wr_req                        |     0.075 |
|     rx_baudrate_generator                   |     0.318 |
|     rx_controller                           |     0.220 |
|     tx_baudrate_generator                   |     0.326 |
|     tx_controller                           |     0.278 |
|   UART_PERIPHERAL_2                         |     1.465 |
|     FIFO_RX_BLOCK.fifo_rx                   |     0.130 |
|       buffer_reg_0_31_0_5                   |     0.013 |
|       buffer_reg_0_31_6_7                   |     0.005 |
|       edgedet_rd_req                        |     0.017 |
|       edgedet_wr_req                        |     0.013 |
|     fifo_tx                                 |     0.238 |
|       buffer_reg_0_31_0_5                   |     0.032 |
|       buffer_reg_0_31_6_7                   |     0.011 |
|       edgedet_rd_req                        |     0.015 |
|       edgedet_wr_req                        |     0.079 |
|     rx_baudrate_generator                   |     0.345 |
|     rx_controller                           |     0.164 |
|     tx_baudrate_generator                   |     0.340 |
|     tx_controller                           |     0.248 |
|   genblk1[0].genblk1[0].IOBUF_inst          |     0.646 |
|   genblk1[0].genblk1[1].IOBUF_inst          |     0.649 |
|   genblk1[0].genblk1[2].IOBUF_inst          |     0.684 |
|   genblk1[0].genblk1[3].IOBUF_inst          |     0.685 |
|   genblk1[0].genblk1[4].IOBUF_inst          |     0.649 |
|   genblk1[0].genblk1[5].IOBUF_inst          |     0.647 |
|   genblk1[0].genblk1[6].IOBUF_inst          |     0.685 |
|   genblk1[0].genblk1[7].IOBUF_inst          |     0.680 |
|   genblk1[1].genblk1[0].IOBUF_inst          |     0.806 |
|   genblk1[1].genblk1[1].IOBUF_inst          |     0.807 |
|   genblk1[1].genblk1[2].IOBUF_inst          |     0.870 |
|   genblk1[1].genblk1[3].IOBUF_inst          |     0.860 |
|   genblk1[1].genblk1[4].IOBUF_inst          |     0.826 |
|   genblk1[1].genblk1[5].IOBUF_inst          |     0.820 |
|   genblk1[1].genblk1[6].IOBUF_inst          |     0.868 |
|   genblk1[1].genblk1[7].IOBUF_inst          |     0.868 |
|   registers_management                      |    17.588 |
+---------------------------------------------+-----------+


